
Showing logs for build [32mcb-kubecd-environment-pr-1486-5-gmxbr-1[0m stage [32mfrom-build-pack[0m and container [32mstep-credential-initializer-cs5ns[0m
{"level":"info","ts":1589812754.2623684,"logger":"fallback-logger","caller":"logging/config.go:69","msg":"Fetch GitHub commit ID from kodata failed: open /var/run/ko/refs/heads/0.8.0-ns-support: no such file or directory"}
{"level":"info","ts":1589812754.2630758,"logger":"fallback-logger","caller":"creds-init/main.go:40","msg":"Credentials initialized."}

Showing logs for build [32mcb-kubecd-environment-pr-1486-5-gmxbr-1[0m stage [32mfrom-build-pack[0m and container [32mstep-working-dir-initializer-qzwnr[0m
{"level":"info","ts":1589812755.2114103,"logger":"fallback-logger","caller":"logging/config.go:69","msg":"Fetch GitHub commit ID from kodata failed: open /var/run/ko/HEAD: no such file or directory"}
{"level":"info","ts":1589812755.2130766,"logger":"fallback-logger","caller":"bash/main.go:64","msg":"Successfully executed command \"sh -c mkdir -p /workspace/source\"; output "}

Showing logs for build [32mcb-kubecd-environment-pr-1486-5-gmxbr-1[0m stage [32mfrom-build-pack[0m and container [32mstep-place-tools[0m

Showing logs for build [32mcb-kubecd-environment-pr-1486-5-gmxbr-1[0m stage [32mfrom-build-pack[0m and container [32mstep-git-source-cb-kubecd-environment-pr-1486-5-gmxbr-2jvhq[0m
{"level":"info","ts":1589812759.3650088,"logger":"fallback-logger","caller":"logging/config.go:69","msg":"Fetch GitHub commit ID from kodata failed: open /var/run/ko/refs/heads/0.8.0-ns-support: no such file or directory"}
{"level":"info","ts":1589812760.009892,"logger":"fallback-logger","caller":"git/git.go:103","msg":"Successfully cloned https://github.com/cb-kubecd/environment-pr-1486-5-bdd-frontend-staging.git @ master in path /workspace/source"}

Showing logs for build [32mcb-kubecd-environment-pr-1486-5-gmxbr-1[0m stage [32mfrom-build-pack[0m and container [32mstep-git-merge[0m
Using SHAs from PULL_REFS=master:ad5121e74a3c65ec8bf382784943c6f79ad885a6,1:94a09bfd24f486387f1965bb1f844b0e3d9a5a77
DEBUG: LC_ALL=C JX_LOG_LEVEL=error git fetch origin --unshallow 94a09bfd24f486387f1965bb1f844b0e3d9a5a77: ad5121e74a3c65ec8bf382784943c6f79ad885a6:
DEBUG: ran git fetch --unshallow origin 94a09bfd24f486387f1965bb1f844b0e3d9a5a77: ad5121e74a3c65ec8bf382784943c6f79ad885a6: in 
DEBUG: LC_ALL=C JX_LOG_LEVEL=error git branch
DEBUG: LC_ALL=C JX_LOG_LEVEL=error git checkout master
DEBUG: ran git checkout master in 
DEBUG: JX_LOG_LEVEL=error LC_ALL=C git reset --hard ad5121e74a3c65ec8bf382784943c6f79ad885a6
DEBUG: ran git reset --hard ad5121e74a3c65ec8bf382784943c6f79ad885a6 in 
DEBUG: LC_ALL=C JX_LOG_LEVEL=error git clean -fd .
DEBUG: ran clean --force -d . in 
DEBUG: LC_ALL=C JX_LOG_LEVEL=error git merge 94a09bfd24f486387f1965bb1f844b0e3d9a5a77
DEBUG: ran git merge 94a09bfd24f486387f1965bb1f844b0e3d9a5a77 in 
DEBUG: LC_ALL=C JX_LOG_LEVEL=error git log --format=%H%x1f%an%x1f%ae%x1f%cn%x1f%ce%x1f%s%n%b%x1e ad5121e74a3c65ec8bf382784943c6f79ad885a6..HEAD
Merged SHA 94a09bfd24f486387f1965bb1f844b0e3d9a5a77 with commit message 'chore: Promote bdd-nh-1589811767 to version 0.0.1' into base branch master

Showing logs for build [32mcb-kubecd-environment-pr-1486-5-gmxbr-1[0m stage [32mfrom-build-pack[0m and container [32mstep-build-helm-build[0m
WARNING: No $CHART_REPOSITORY defined so using the default value of: http://jenkins-x-chartmuseum:8080
Adding missing Helm repo: storage.googleapis.com https://storage.googleapis.com/chartmuseum.jenkins-x.io
WARNING: No secrets found on "helm/repos" due: reading the secret "helm/repos" from vault: no secret "helm/repos" not found in vault
Read credentials for https://storage.googleapis.com/chartmuseum.jenkins-x.io from vault helm/repos
Successfully added Helm repository storage.googleapis.com.
Adding missing Helm repo: jenkins-x-chartmuseum http://jenkins-x-chartmuseum:8080
WARNING: No secrets found on "helm/repos" due: reading the secret "helm/repos" from vault: no secret "helm/repos" not found in vault
Read credentials for http://jenkins-x-chartmuseum:8080 from vault helm/repos
Successfully added Helm repository jenkins-x-chartmuseum.
WARNING: No $CHART_REPOSITORY defined so using the default value of: http://jenkins-x-chartmuseum:8080
Adding missing Helm repo: chartmuseum.jenkins-x.io http://chartmuseum.jenkins-x.io
WARNING: No secrets found on "helm/repos" due: reading the secret "helm/repos" from vault: no secret "helm/repos" not found in vault
Read credentials for http://chartmuseum.jenkins-x.io from vault helm/repos
Successfully added Helm repository chartmuseum.jenkins-x.io.
